TN:
SF:src/root/app/logger.js
FN:4,setupLogger
FN:15,formatTimingInfo
FN:74,(anonymous_2)
FN:83,(anonymous_3)
FN:141,(anonymous_4)
FNF:5
FNH:4
FNDA:5,setupLogger
FNDA:2,formatTimingInfo
FNDA:5,(anonymous_2)
FNDA:0,(anonymous_3)
FNDA:1,(anonymous_4)
DA:1,1
DA:2,1
DA:5,5
DA:6,5
DA:7,5
DA:10,5
DA:11,5
DA:16,2
DA:19,2
DA:20,1
DA:22,2
DA:23,0
DA:27,2
DA:28,1
DA:29,1
DA:30,1
DA:31,1
DA:32,1
DA:33,1
DA:34,1
DA:35,1
DA:40,2
DA:41,1
DA:42,1
DA:43,1
DA:44,1
DA:45,1
DA:46,1
DA:47,1
DA:48,1
DA:49,1
DA:54,2
DA:55,1
DA:58,2
DA:61,5
DA:69,5
DA:75,5
DA:78,5
DA:79,2
DA:80,3
DA:82,0
DA:83,0
DA:84,0
DA:85,0
DA:86,0
DA:87,0
DA:88,0
DA:90,0
DA:93,0
DA:94,0
DA:98,5
DA:102,5
DA:105,5
DA:106,5
DA:115,5
DA:116,5
DA:133,5
DA:141,5
DA:143,5
DA:146,1
LF:60
LH:49
BRDA:6,0,0,5
BRDA:6,0,1,5
BRDA:7,1,0,5
BRDA:7,1,1,5
BRDA:10,2,0,5
BRDA:10,2,1,0
BRDA:19,3,0,1
BRDA:19,3,1,1
BRDA:20,4,0,1
BRDA:20,4,1,1
BRDA:22,5,0,0
BRDA:22,5,1,2
BRDA:23,6,0,0
BRDA:23,6,1,0
BRDA:27,7,0,1
BRDA:27,7,1,1
BRDA:30,8,0,1
BRDA:30,8,1,0
BRDA:31,9,0,1
BRDA:31,9,1,0
BRDA:32,10,0,1
BRDA:32,10,1,0
BRDA:33,11,0,1
BRDA:33,11,1,0
BRDA:34,12,0,1
BRDA:34,12,1,0
BRDA:40,13,0,1
BRDA:40,13,1,1
BRDA:43,14,0,1
BRDA:43,14,1,0
BRDA:44,15,0,1
BRDA:44,15,1,0
BRDA:45,16,0,1
BRDA:45,16,1,0
BRDA:46,17,0,1
BRDA:46,17,1,0
BRDA:47,18,0,1
BRDA:47,18,1,0
BRDA:48,19,0,1
BRDA:48,19,1,0
BRDA:54,20,0,1
BRDA:54,20,1,1
BRDA:55,21,0,1
BRDA:55,21,1,1
BRDA:58,22,0,2
BRDA:58,22,1,0
BRDA:78,23,0,2
BRDA:78,23,1,3
BRDA:78,24,0,5
BRDA:78,24,1,4
BRDA:78,24,2,4
BRDA:80,25,0,0
BRDA:80,25,1,3
BRDA:84,26,0,0
BRDA:84,26,1,0
BRDA:84,27,0,0
BRDA:84,27,1,0
BRDA:86,28,0,0
BRDA:86,28,1,0
BRDA:88,29,0,0
BRDA:88,29,1,0
BRDA:88,30,0,0
BRDA:88,30,1,0
BRDA:93,31,0,0
BRDA:93,31,1,0
BRDA:105,32,0,5
BRDA:105,32,1,0
BRDA:115,33,0,5
BRDA:115,33,1,0
BRF:69
BRH:38
end_of_record
